<?xml version="1.0" encoding="UTF-8"?>
<!-- Generated by org.testng.reporters.JUnitReportReporter -->
<testsuite hostname="UndrajavarapuVijayKumar" failures="0" tests="1" name="com.sauce.testsuites.tc001" time="0.118" errors="0" timestamp="2025-06-23T12:55:33 IST" skipped="0">
  <testcase classname="com.sauce.testsuites.tc001" name="tc01" time="0.118"/>
  <system-out/>
</testsuite> <!-- com.sauce.testsuites.tc001 -->
